[0702/214639.305:INFO:CONSOLE(1)] "Long rAF frame-time", source: file:///C:/Program%20Files/Adobe/Adobe%20Photoshop%202020/Required/www-rich-tooltips/build/external.js (1)
[0703/195722.093:INFO:CONSOLE(1)] "Long rAF frame-time", source: file:///C:/Program%20Files/Adobe/Adobe%20Photoshop%202020/Required/www-rich-tooltips/build/external.js (1)
[0703/195722.224:ERROR:mf_helpers.cc(14)] Error in dxva_video_decode_accelerator_win.cc on line 1612
[0703/195722.224:ERROR:mf_helpers.cc(14)] Error in dxva_video_decode_accelerator_win.cc on line 842
[0703/195722.278:WARNING:angle_platform_impl.cc(52)] compileToBinary(230): 
C:\fakepath(69,8-58): warning X3571: pow(f, e) will not work for negative f, use abs(f) or conditionally handle negative values if you expect them
C:\fakepath(77,9-43): warning X3571: pow(f, e) will not work for negative f, use abs(f) or conditionally handle negative values if you expect them

[0707/121008.920:INFO:CONSOLE(1)] "Long rAF frame-time", source: file:///C:/Program%20Files/Adobe/Adobe%20Photoshop%202020/Required/www-rich-tooltips/build/external.js (1)
[0707/131355.486:WARNING:dns_config_service_win.cc(668)] Failed to read DnsConfig.
[0707/131356.221:WARNING:dns_config_service_win.cc(668)] Failed to read DnsConfig.
[0707/131400.490:WARNING:dns_config_service_win.cc(668)] Failed to read DnsConfig.
[0707/131401.232:WARNING:dns_config_service_win.cc(668)] Failed to read DnsConfig.
[0707/131405.514:WARNING:dns_config_service_win.cc(668)] Failed to read DnsConfig.
[0707/131406.239:WARNING:dns_config_service_win.cc(668)] Failed to read DnsConfig.
[0707/131410.525:WARNING:dns_config_service_win.cc(668)] Failed to read DnsConfig.
[0707/131411.246:WARNING:dns_config_service_win.cc(668)] Failed to read DnsConfig.
[0707/131415.531:WARNING:dns_config_service_win.cc(668)] Failed to read DnsConfig.
[0707/131416.256:WARNING:dns_config_service_win.cc(668)] Failed to read DnsConfig.
[0707/131420.538:WARNING:dns_config_service_win.cc(668)] Failed to read DnsConfig.
[0707/131421.261:WARNING:dns_config_service_win.cc(668)] Failed to read DnsConfig.
[0707/131425.545:WARNING:dns_config_service_win.cc(668)] Failed to read DnsConfig.
[0707/131426.268:WARNING:dns_config_service_win.cc(668)] Failed to read DnsConfig.
[0707/131430.554:WARNING:dns_config_service_win.cc(668)] Failed to read DnsConfig.
[0707/131431.276:WARNING:dns_config_service_win.cc(668)] Failed to read DnsConfig.
[0707/131435.559:WARNING:dns_config_service_win.cc(668)] Failed to read DnsConfig.
[0707/131436.281:WARNING:dns_config_service_win.cc(668)] Failed to read DnsConfig.
[0707/131440.566:WARNING:dns_config_service_win.cc(668)] Failed to read DnsConfig.
[0707/131441.288:WARNING:dns_config_service_win.cc(668)] Failed to read DnsConfig.
[0707/131445.573:WARNING:dns_config_service_win.cc(668)] Failed to read DnsConfig.
[0707/131446.298:WARNING:dns_config_service_win.cc(668)] Failed to read DnsConfig.
[0707/131450.580:WARNING:dns_config_service_win.cc(668)] Failed to read DnsConfig.
[0707/131451.310:WARNING:dns_config_service_win.cc(668)] Failed to read DnsConfig.
[0707/131455.586:WARNING:dns_config_service_win.cc(668)] Failed to read DnsConfig.
[0707/131456.318:WARNING:dns_config_service_win.cc(668)] Failed to read DnsConfig.
[0707/131500.594:WARNING:dns_config_service_win.cc(668)] Failed to read DnsConfig.
[0707/131501.323:WARNING:dns_config_service_win.cc(668)] Failed to read DnsConfig.
[0707/131505.601:WARNING:dns_config_service_win.cc(668)] Failed to read DnsConfig.
[0707/131506.330:WARNING:dns_config_service_win.cc(668)] Failed to read DnsConfig.
[0707/131510.608:WARNING:dns_config_service_win.cc(668)] Failed to read DnsConfig.
[0707/131511.337:WARNING:dns_config_service_win.cc(668)] Failed to read DnsConfig.
[0707/131515.615:WARNING:dns_config_service_win.cc(668)] Failed to read DnsConfig.
[0707/131516.344:WARNING:dns_config_service_win.cc(668)] Failed to read DnsConfig.
[0707/131520.624:WARNING:dns_config_service_win.cc(668)] Failed to read DnsConfig.
[0707/131521.351:WARNING:dns_config_service_win.cc(668)] Failed to read DnsConfig.
[0707/131525.630:WARNING:dns_config_service_win.cc(668)] Failed to read DnsConfig.
[0707/131526.359:WARNING:dns_config_service_win.cc(668)] Failed to read DnsConfig.
[0707/131530.637:WARNING:dns_config_service_win.cc(668)] Failed to read DnsConfig.
[0707/131531.366:WARNING:dns_config_service_win.cc(668)] Failed to read DnsConfig.
[0707/131535.646:WARNING:dns_config_service_win.cc(668)] Failed to read DnsConfig.
[0707/131536.373:WARNING:dns_config_service_win.cc(668)] Failed to read DnsConfig.
[0707/131540.652:WARNING:dns_config_service_win.cc(668)] Failed to read DnsConfig.
[0707/131541.380:WARNING:dns_config_service_win.cc(668)] Failed to read DnsConfig.
[0707/131545.657:WARNING:dns_config_service_win.cc(668)] Failed to read DnsConfig.
[0707/131546.386:WARNING:dns_config_service_win.cc(668)] Failed to read DnsConfig.
[0707/131550.664:WARNING:dns_config_service_win.cc(668)] Failed to read DnsConfig.
[0707/131551.395:WARNING:dns_config_service_win.cc(668)] Failed to read DnsConfig.
[0707/131555.670:WARNING:dns_config_service_win.cc(668)] Failed to read DnsConfig.
[0707/131556.401:WARNING:dns_config_service_win.cc(668)] Failed to read DnsConfig.
[0707/131600.678:WARNING:dns_config_service_win.cc(668)] Failed to read DnsConfig.
[0707/131601.408:WARNING:dns_config_service_win.cc(668)] Failed to read DnsConfig.
[0707/131605.685:WARNING:dns_config_service_win.cc(668)] Failed to read DnsConfig.
[0707/131606.413:WARNING:dns_config_service_win.cc(668)] Failed to read DnsConfig.
[0707/131610.692:WARNING:dns_config_service_win.cc(668)] Failed to read DnsConfig.
[0707/131611.423:WARNING:dns_config_service_win.cc(668)] Failed to read DnsConfig.
[0707/131615.700:WARNING:dns_config_service_win.cc(668)] Failed to read DnsConfig.
[0707/131616.429:WARNING:dns_config_service_win.cc(668)] Failed to read DnsConfig.
[0707/131620.706:WARNING:dns_config_service_win.cc(668)] Failed to read DnsConfig.
[0707/131621.435:WARNING:dns_config_service_win.cc(668)] Failed to read DnsConfig.
[0707/131625.715:WARNING:dns_config_service_win.cc(668)] Failed to read DnsConfig.
[0707/131626.444:WARNING:dns_config_service_win.cc(668)] Failed to read DnsConfig.
[0707/131630.720:WARNING:dns_config_service_win.cc(668)] Failed to read DnsConfig.
[0707/131631.449:WARNING:dns_config_service_win.cc(668)] Failed to read DnsConfig.
[0707/131635.727:WARNING:dns_config_service_win.cc(668)] Failed to read DnsConfig.
[0707/131636.456:WARNING:dns_config_service_win.cc(668)] Failed to read DnsConfig.
[0707/131640.734:WARNING:dns_config_service_win.cc(668)] Failed to read DnsConfig.
[0707/131641.465:WARNING:dns_config_service_win.cc(668)] Failed to read DnsConfig.
[0707/131645.740:WARNING:dns_config_service_win.cc(668)] Failed to read DnsConfig.
[0707/131646.478:WARNING:dns_config_service_win.cc(668)] Failed to read DnsConfig.
[0707/131650.754:WARNING:dns_config_service_win.cc(668)] Failed to read DnsConfig.
[0707/131651.490:WARNING:dns_config_service_win.cc(668)] Failed to read DnsConfig.
[0707/131655.762:WARNING:dns_config_service_win.cc(668)] Failed to read DnsConfig.
[0707/131656.498:WARNING:dns_config_service_win.cc(668)] Failed to read DnsConfig.
[0707/131700.770:WARNING:dns_config_service_win.cc(668)] Failed to read DnsConfig.
[0707/131701.507:WARNING:dns_config_service_win.cc(668)] Failed to read DnsConfig.
[0707/131705.774:WARNING:dns_config_service_win.cc(668)] Failed to read DnsConfig.
[0707/131706.512:WARNING:dns_config_service_win.cc(668)] Failed to read DnsConfig.
[0707/131710.785:WARNING:dns_config_service_win.cc(668)] Failed to read DnsConfig.
[0707/131711.517:WARNING:dns_config_service_win.cc(668)] Failed to read DnsConfig.
[0707/131715.788:WARNING:dns_config_service_win.cc(668)] Failed to read DnsConfig.
[0707/131716.526:WARNING:dns_config_service_win.cc(668)] Failed to read DnsConfig.
[0707/131720.795:WARNING:dns_config_service_win.cc(668)] Failed to read DnsConfig.
[0707/131721.533:WARNING:dns_config_service_win.cc(668)] Failed to read DnsConfig.
[0707/131725.803:WARNING:dns_config_service_win.cc(668)] Failed to read DnsConfig.
[0707/131726.540:WARNING:dns_config_service_win.cc(668)] Failed to read DnsConfig.
[0707/131730.810:WARNING:dns_config_service_win.cc(668)] Failed to read DnsConfig.
[0707/131731.552:WARNING:dns_config_service_win.cc(668)] Failed to read DnsConfig.
[0707/131735.816:WARNING:dns_config_service_win.cc(668)] Failed to read DnsConfig.
[0707/131736.568:WARNING:dns_config_service_win.cc(668)] Failed to read DnsConfig.
[0707/131740.824:WARNING:dns_config_service_win.cc(668)] Failed to read DnsConfig.
[0707/131741.574:WARNING:dns_config_service_win.cc(668)] Failed to read DnsConfig.
[0707/131745.829:WARNING:dns_config_service_win.cc(668)] Failed to read DnsConfig.
[0707/131746.586:WARNING:dns_config_service_win.cc(668)] Failed to read DnsConfig.
[0707/131750.838:WARNING:dns_config_service_win.cc(668)] Failed to read DnsConfig.
[0707/131751.593:WARNING:dns_config_service_win.cc(668)] Failed to read DnsConfig.
[0707/131755.850:WARNING:dns_config_service_win.cc(668)] Failed to read DnsConfig.
[0707/131756.607:WARNING:dns_config_service_win.cc(668)] Failed to read DnsConfig.
[0707/131800.864:WARNING:dns_config_service_win.cc(668)] Failed to read DnsConfig.
[0707/131801.608:WARNING:dns_config_service_win.cc(668)] Failed to read DnsConfig.
[0707/131805.871:WARNING:dns_config_service_win.cc(668)] Failed to read DnsConfig.
[0707/131806.616:WARNING:dns_config_service_win.cc(668)] Failed to read DnsConfig.
[0707/131810.880:WARNING:dns_config_service_win.cc(668)] Failed to read DnsConfig.
[0707/131811.622:WARNING:dns_config_service_win.cc(668)] Failed to read DnsConfig.
[0707/131815.899:WARNING:dns_config_service_win.cc(668)] Failed to read DnsConfig.
[0707/131816.631:WARNING:dns_config_service_win.cc(668)] Failed to read DnsConfig.
[0707/131820.906:WARNING:dns_config_service_win.cc(668)] Failed to read DnsConfig.
[0707/131821.638:WARNING:dns_config_service_win.cc(668)] Failed to read DnsConfig.
[0707/131825.914:WARNING:dns_config_service_win.cc(668)] Failed to read DnsConfig.
[0707/131826.645:WARNING:dns_config_service_win.cc(668)] Failed to read DnsConfig.
[0707/131830.927:WARNING:dns_config_service_win.cc(668)] Failed to read DnsConfig.
[0707/131831.650:WARNING:dns_config_service_win.cc(668)] Failed to read DnsConfig.
[0707/131835.941:WARNING:dns_config_service_win.cc(668)] Failed to read DnsConfig.
[0707/131836.658:WARNING:dns_config_service_win.cc(668)] Failed to read DnsConfig.
[0707/131840.948:WARNING:dns_config_service_win.cc(668)] Failed to read DnsConfig.
[0707/131841.667:WARNING:dns_config_service_win.cc(668)] Failed to read DnsConfig.
[0707/131845.956:WARNING:dns_config_service_win.cc(668)] Failed to read DnsConfig.
[0707/131846.671:WARNING:dns_config_service_win.cc(668)] Failed to read DnsConfig.
[0707/131850.965:WARNING:dns_config_service_win.cc(668)] Failed to read DnsConfig.
[0707/131851.678:WARNING:dns_config_service_win.cc(668)] Failed to read DnsConfig.
[0707/131855.969:WARNING:dns_config_service_win.cc(668)] Failed to read DnsConfig.
[0707/131856.684:WARNING:dns_config_service_win.cc(668)] Failed to read DnsConfig.
[0707/131900.978:WARNING:dns_config_service_win.cc(668)] Failed to read DnsConfig.
[0707/131901.694:WARNING:dns_config_service_win.cc(668)] Failed to read DnsConfig.
[0707/131905.983:WARNING:dns_config_service_win.cc(668)] Failed to read DnsConfig.
[0707/131906.704:WARNING:dns_config_service_win.cc(668)] Failed to read DnsConfig.
[0707/131910.992:WARNING:dns_config_service_win.cc(668)] Failed to read DnsConfig.
[0707/131911.711:WARNING:dns_config_service_win.cc(668)] Failed to read DnsConfig.
[0707/132031.218:ERROR:media_internals.cc(112)] Cannot get RenderProcessHost
